[    0.000000] Initializing cgroup subsys cpuset
[    0.000000] Initializing cgroup subsys cpu
[    0.000000] Initializing cgroup subsys cpuacct
[    0.000000] Linux version 4.4.0-170-generic (buildd@lcy01-amd64-019) (gcc version 5.4.0 20160609 (Ubuntu 5.4.0-6ubuntu1~16.04.12) ) #199-Ubuntu SMP Thu Nov 14 01:45:04 UTC 2019 (Ubuntu 4.4.0-170.199-generic 4.4.200)
[    0.000000] Command line: BOOT_IMAGE=/boot/vmlinuz-4.4.0-170-generic root=UUID=b576e638-5902-43e1-99dd-3ca39623b61c ro console=tty1 console=ttyS0
[    0.000000] KERNEL supported cpus:
[    0.000000]   Intel GenuineIntel
[    0.000000]   AMD AuthenticAMD
[    0.000000]   Centaur CentaurHauls
[    0.000000] x86/fpu: xstate_offset[2]:  576, xstate_sizes[2]:  256
[    0.000000] x86/fpu: Supporting XSAVE feature 0x01: 'x87 floating point registers'
[    0.000000] x86/fpu: Supporting XSAVE feature 0x02: 'SSE registers'
[    0.000000] x86/fpu: Supporting XSAVE feature 0x04: 'AVX registers'
[    0.000000] x86/fpu: Enabled xstate features 0x7, context size is 832 bytes, using 'standard' format.
[    0.000000] e820: BIOS-provided physical RAM map:
[    0.000000] BIOS-e820: [mem 0x0000000000000000-0x000000000009fbff] usable
[    0.000000] BIOS-e820: [mem 0x000000000009fc00-0x000000000009ffff] reserved
[    0.000000] BIOS-e820: [mem 0x00000000000f0000-0x00000000000fffff] reserved
[    0.000000] BIOS-e820: [mem 0x0000000000100000-0x000000003ffeffff] usable
[    0.000000] BIOS-e820: [mem 0x000000003fff0000-0x000000003fffffff] ACPI data
[    0.000000] BIOS-e820: [mem 0x00000000fec00000-0x00000000fec00fff] reserved
[    0.000000] BIOS-e820: [mem 0x00000000fee00000-0x00000000fee00fff] reserved
[    0.000000] BIOS-e820: [mem 0x00000000fffc0000-0x00000000ffffffff] reserved
[    0.000000] NX (Execute Disable) protection: active
[    0.000000] SMBIOS 2.5 present.
[    0.000000] Hypervisor detected: KVM
[    0.000000] e820: last_pfn = 0x3fff0 max_arch_pfn = 0x400000000
[    0.000000] MTRR: Disabled
[    0.000000] x86/PAT: MTRRs disabled, skipping PAT initialization too.
[    0.000000] CPU MTRRs all blank - virtualized system.
[    0.000000] x86/PAT: Configuration [0-7]: WB  WT  UC- UC  WB  WT  UC- UC  
[    0.000000] found SMP MP-table at [mem 0x0009fff0-0x0009ffff] mapped at [ffff88000009fff0]
[    0.000000] Scanning 1 areas for low memory corruption
[    0.000000] RAMDISK: [mem 0x361e0000-0x370e7fff]
[    0.000000] ACPI: Early table checksum verification disabled
[    0.000000] ACPI: RSDP 0x00000000000E0000 000024 (v02 VBOX  )
[    0.000000] ACPI: XSDT 0x000000003FFF0030 00003C (v01 VBOX   VBOXXSDT 00000001 ASL  00000061)
[    0.000000] ACPI: FACP 0x000000003FFF00F0 0000F4 (v04 VBOX   VBOXFACP 00000001 ASL  00000061)
[    0.000000] ACPI: DSDT 0x000000003FFF0470 0022EA (v02 VBOX   VBOXBIOS 00000002 INTL 20100528)
[    0.000000] ACPI: FACS 0x000000003FFF0200 000040
[    0.000000] ACPI: FACS 0x000000003FFF0200 000040
[    0.000000] ACPI: APIC 0x000000003FFF0240 00005C (v02 VBOX   VBOXAPIC 00000001 ASL  00000061)
[    0.000000] ACPI: SSDT 0x000000003FFF02A0 0001CC (v01 VBOX   VBOXCPUT 00000002 INTL 20100528)
[    0.000000] No NUMA configuration found
[    0.000000] Faking a node at [mem 0x0000000000000000-0x000000003ffeffff]
[    0.000000] NODE_DATA(0) allocated [mem 0x3ffeb000-0x3ffeffff]
[    0.000000] kvm-clock: Using msrs 4b564d01 and 4b564d00
[    0.000000] kvm-clock: cpu 0, msr 0:3ffe3001, primary cpu clock
[    0.000000] kvm-clock: using sched offset of 4649877530 cycles
[    0.000000] clocksource: kvm-clock: mask: 0xffffffffffffffff max_cycles: 0x1cd42e4dffb, max_idle_ns: 881590591483 ns
[    0.000000] Zone ranges:
[    0.000000]   DMA      [mem 0x0000000000001000-0x0000000000ffffff]
[    0.000000]   DMA32    [mem 0x0000000001000000-0x000000003ffeffff]
[    0.000000]   Normal   empty
[    0.000000]   Device   empty
[    0.000000] Movable zone start for each node
[    0.000000] Early memory node ranges
[    0.000000]   node   0: [mem 0x0000000000001000-0x000000000009efff]
[    0.000000]   node   0: [mem 0x0000000000100000-0x000000003ffeffff]
[    0.000000] Initmem setup node 0 [mem 0x0000000000001000-0x000000003ffeffff]
[    0.000000] ACPI: PM-Timer IO Port: 0x4008
[    0.000000] IOAPIC[0]: apic_id 2, version 32, address 0xfec00000, GSI 0-23
[    0.000000] ACPI: INT_SRC_OVR (bus 0 bus_irq 0 global_irq 2 dfl dfl)
[    0.000000] ACPI: INT_SRC_OVR (bus 0 bus_irq 9 global_irq 9 low level)
[    0.000000] Using ACPI (MADT) for SMP configuration information
[    0.000000] smpboot: Allowing 2 CPUs, 0 hotplug CPUs
[    0.000000] PM: Registered nosave memory: [mem 0x00000000-0x00000fff]
[    0.000000] PM: Registered nosave memory: [mem 0x0009f000-0x0009ffff]
[    0.000000] PM: Registered nosave memory: [mem 0x000a0000-0x000effff]
[    0.000000] PM: Registered nosave memory: [mem 0x000f0000-0x000fffff]
[    0.000000] e820: [mem 0x40000000-0xfebfffff] available for PCI devices
[    0.000000] Booting paravirtualized kernel on KVM
[    0.000000] clocksource: refined-jiffies: mask: 0xffffffff max_cycles: 0xffffffff, max_idle_ns: 7645519600211568 ns
[    0.000000] setup_percpu: NR_CPUS:512 nr_cpumask_bits:512 nr_cpu_ids:2 nr_node_ids:1
[    0.000000] PERCPU: Embedded 33 pages/cpu @ffff88003fc00000 s95448 r8192 d31528 u1048576
[    0.000000] Built 1 zonelists in Node order, mobility grouping on.  Total pages: 257912
[    0.000000] Policy zone: DMA32
[    0.000000] Kernel command line: BOOT_IMAGE=/boot/vmlinuz-4.4.0-170-generic root=UUID=b576e638-5902-43e1-99dd-3ca39623b61c ro console=tty1 console=ttyS0
[    0.000000] PID hash table entries: 4096 (order: 3, 32768 bytes)
[    0.000000] Memory: 997164K/1048120K available (8626K kernel code, 1336K rwdata, 4036K rodata, 1488K init, 1288K bss, 50956K reserved, 0K cma-reserved)
[    0.000000] SLUB: HWalign=64, Order=0-3, MinObjects=0, CPUs=2, Nodes=1
[    0.000000] Kernel/User page tables isolation: enabled
[    0.000000] Hierarchical RCU implementation.
[    0.000000] 	Build-time adjustment of leaf fanout to 64.
[    0.000000] 	RCU restricting CPUs from NR_CPUS=512 to nr_cpu_ids=2.
[    0.000000] RCU: Adjusting geometry for rcu_fanout_leaf=64, nr_cpu_ids=2
[    0.000000] NR_IRQS:33024 nr_irqs:440 16
[    0.000000] Console: colour VGA+ 80x25
[    0.000000] console [tty1] enabled
[    0.000000] console [ttyS0] enabled
[    0.000000] tsc: Detected 2699.998 MHz processor
[    0.396493] Calibrating delay loop (skipped) preset value.. 5399.99 BogoMIPS (lpj=10799992)
[    0.405650] pid_max: default: 32768 minimum: 301
[    0.411518] ACPI: Core revision 20150930
[    0.421351] ACPI: 2 ACPI AML tables successfully acquired and loaded
[    0.428066] Security Framework initialized
[    0.432147] Yama: becoming mindful.
[    0.439221] AppArmor: AppArmor initialized
[    0.444126] Dentry cache hash table entries: 131072 (order: 8, 1048576 bytes)
[    0.457831] Inode-cache hash table entries: 65536 (order: 7, 524288 bytes)
[    0.473361] Mount-cache hash table entries: 2048 (order: 2, 16384 bytes)
[    0.481867] Mountpoint-cache hash table entries: 2048 (order: 2, 16384 bytes)
[    0.493920] Initializing cgroup subsys io
[    0.498778] Initializing cgroup subsys memory
[    0.501974] Initializing cgroup subsys devices
[    0.504589] Initializing cgroup subsys freezer
[    0.507261] Initializing cgroup subsys net_cls
[    0.511318] Initializing cgroup subsys perf_event
[    0.519591] Initializing cgroup subsys net_prio
[    0.524135] Initializing cgroup subsys hugetlb
[    0.527770] Initializing cgroup subsys pids
[    0.532043] mce: CPU supports 0 MCE banks
[    0.539384] Last level iTLB entries: 4KB 64, 2MB 8, 4MB 8
[    0.548108] Last level dTLB entries: 4KB 64, 2MB 0, 4MB 0, 1GB 4
[    0.552518] Spectre V1 : Mitigation: usercopy/swapgs barriers and __user pointer sanitization
[    0.557389] Spectre V2 : Mitigation: Full generic retpoline
[    0.562831] Spectre V2 : Spectre v2 / SpectreRSB mitigation: Filling RSB on context switch
[    0.568978] Speculative Store Bypass: Vulnerable
[    0.571174] MDS: Vulnerable: Clear CPU buffers attempted, no microcode
[    0.576371] Freeing SMP alternatives memory: 36K
[    0.585207] ftrace: allocating 32302 entries in 127 pages
[    0.664659] smpboot: APIC(0) Converting physical 0 to logical package 0
[    0.666859] smpboot: Max logical packages: 1
[    0.668198] x2apic enabled
[    0.669210] Switched APIC routing to physical x2apic.
[    0.672507] ..TIMER: vector=0x30 apic1=0 pin1=2 apic2=-1 pin2=-1
[    0.783087] smpboot: CPU0: Intel(R) Core(TM) i5-5257U CPU @ 2.70GHz (family: 0x6, model: 0x3d, stepping: 0x4)
[    0.791914] Performance Events: unsupported p6 CPU model 61 no PMU driver, software events only.
[    0.812273] KVM setup paravirtual spinlock
[    0.820792] x86: Booting SMP configuration:
[    0.822377] .... node  #0, CPUs:      #1
[    0.824018] kvm-clock: cpu 1, msr 0:3ffe3041, secondary cpu clock
[    0.829806] mce: CPU supports 0 MCE banks
[    0.835936] x86: Booted up 1 node, 2 CPUs
[    0.838575] smpboot: Total of 2 processors activated (10799.99 BogoMIPS)
[    0.842863] devtmpfs: initialized
[    0.848174] evm: security.selinux
[    0.849534] evm: security.SMACK64
[    0.852481] evm: security.SMACK64EXEC
[    0.853498] evm: security.SMACK64TRANSMUTE
[    0.857004] evm: security.SMACK64MMAP
[    0.858851] evm: security.ima
[    0.861074] evm: security.capability
[    0.867559] clocksource: jiffies: mask: 0xffffffff max_cycles: 0xffffffff, max_idle_ns: 7645041785100000 ns
[    0.872922] futex hash table entries: 512 (order: 3, 32768 bytes)
[    0.874787] pinctrl core: initialized pinctrl subsystem
[    0.876917] RTC time: 18:31:01, date: 12/10/19
[    0.879504] NET: Registered protocol family 16
[    0.894141] cpuidle: using governor ladder
[    0.909838] cpuidle: using governor menu
[    0.912957] PCCT header not found.
[    0.913986] ACPI: bus type PCI registered
[    0.915007] acpiphp: ACPI Hot Plug PCI Controller Driver version: 0.5
[    0.916671] PCI: Using configuration type 1 for base access
[    0.930796] ACPI: Added _OSI(Module Device)
[    0.933994] ACPI: Added _OSI(Processor Device)
[    0.939897] ACPI: Added _OSI(3.0 _SCP Extensions)
[    0.944104] ACPI: Added _OSI(Processor Aggregator Device)
[    0.949402] ACPI: Executed 1 blocks of module-level executable AML code
[    0.955901] ACPI: Interpreter enabled
[    0.957714] ACPI: (supports S0 S5)
[    0.959012] ACPI: Using IOAPIC for interrupt routing
[    0.961033] PCI: Using host bridge windows from ACPI; if necessary, use "pci=nocrs" and report a bug
[    0.969908] ACPI: PCI Root Bridge [PCI0] (domain 0000 [bus 00-ff])
[    0.979663] acpi PNP0A03:00: _OSC: OS supports [ASPM ClockPM Segments MSI]
[    0.987315] acpi PNP0A03:00: _OSC: not requesting OS control; OS requires [ExtendedConfig ASPM ClockPM MSI]
[    0.996964] acpi PNP0A03:00: fail to add MMCONFIG information, can't access extended PCI configuration space under this bridge.
[    1.001935] PCI host bridge to bus 0000:00
[    1.003037] pci_bus 0000:00: root bus resource [io  0x0000-0x0cf7 window]
[    1.011092] pci_bus 0000:00: root bus resource [io  0x0d00-0xffff window]
[    1.015793] pci_bus 0000:00: root bus resource [mem 0x000a0000-0x000bffff window]
[    1.023828] pci_bus 0000:00: root bus resource [mem 0x40000000-0xfdffffff window]
[    1.031294] pci_bus 0000:00: root bus resource [bus 00-ff]
[    1.043113] pci 0000:00:01.1: legacy IDE quirk: reg 0x10: [io  0x01f0-0x01f7]
[    1.048783] pci 0000:00:01.1: legacy IDE quirk: reg 0x14: [io  0x03f6]
[    1.050725] pci 0000:00:01.1: legacy IDE quirk: reg 0x18: [io  0x0170-0x0177]
[    1.052355] pci 0000:00:01.1: legacy IDE quirk: reg 0x1c: [io  0x0376]
[    1.090870] pci 0000:00:07.0: quirk: [io  0x4000-0x403f] claimed by PIIX4 ACPI
[    1.095998] pci 0000:00:07.0: quirk: [io  0x4100-0x410f] claimed by PIIX4 SMB
[    1.108525] ACPI: PCI Interrupt Link [LNKA] (IRQs 5 9 10 *11)
[    1.112713] ACPI: PCI Interrupt Link [LNKB] (IRQs 5 9 *10 11)
[    1.117487] ACPI: PCI Interrupt Link [LNKC] (IRQs 5 *9 10 11)
[    1.120004] ACPI: PCI Interrupt Link [LNKD] (IRQs 5 9 10 *11)
[    1.122006] ACPI: Enabled 2 GPEs in block 00 to 07
[    1.123976] vgaarb: setting as boot device: PCI:0000:00:02.0
[    1.126864] vgaarb: device added: PCI:0000:00:02.0,decodes=io+mem,owns=io+mem,locks=none
[    1.129820] vgaarb: loaded
[    1.130893] vgaarb: bridge control possible 0000:00:02.0
[    1.138278] SCSI subsystem initialized
[    1.145240] ACPI: bus type USB registered
[    1.148580] usbcore: registered new interface driver usbfs
[    1.152721] usbcore: registered new interface driver hub
[    1.154652] usbcore: registered new device driver usb
[    1.158176] PCI: Using ACPI for IRQ routing
[    1.167238] NetLabel: Initializing
[    1.168686] NetLabel:  domain hash size = 128
[    1.169830] NetLabel:  protocols = UNLABELED CIPSOv4
[    1.172721] NetLabel:  unlabeled traffic allowed by default
[    1.174937] amd_nb: Cannot enumerate AMD northbridges
[    1.178105] clocksource: Switched to clocksource kvm-clock
[    1.191787] AppArmor: AppArmor Filesystem Enabled
[    1.197130] pnp: PnP ACPI init
[    1.206926] pnp: PnP ACPI: found 3 devices
[    1.220722] clocksource: acpi_pm: mask: 0xffffff max_cycles: 0xffffff, max_idle_ns: 2085701024 ns
[    1.223630] NET: Registered protocol family 2
[    1.227424] TCP established hash table entries: 8192 (order: 4, 65536 bytes)
[    1.229099] TCP bind hash table entries: 8192 (order: 5, 131072 bytes)
[    1.230932] TCP: Hash tables configured (established 8192 bind 8192)
[    1.238022] UDP hash table entries: 512 (order: 2, 16384 bytes)
[    1.246109] UDP-Lite hash table entries: 512 (order: 2, 16384 bytes)
[    1.249665] NET: Registered protocol family 1
[    1.252514] pci 0000:00:00.0: Limiting direct PCI/PCI transfers
[    1.255660] pci 0000:00:01.0: Activating ISA DMA hang workarounds
[    1.263698] Unpacking initramfs...
[    1.554764] Freeing initrd memory: 15392K
[    1.556549] RAPL PMU detected, API unit is 2^-32 Joules, 4 fixed counters 10737418240 ms ovfl timer
[    1.559828] hw unit of domain pp0-core 2^-0 Joules
[    1.561890] hw unit of domain package 2^-0 Joules
[    1.563650] hw unit of domain dram 2^-0 Joules
[    1.564763] hw unit of domain pp1-gpu 2^-0 Joules
[    1.566947] clocksource: tsc: mask: 0xffffffffffffffff max_cycles: 0x26eb3cc21a9, max_idle_ns: 440795299783 ns
[    1.570121] platform rtc_cmos: registered platform RTC device (no PNP device found)
[    1.572879] Scanning for low memory corruption every 60 seconds
[    1.574710] audit: initializing netlink subsys (disabled)
[    1.576888] audit: type=2000 audit(1576002667.649:1): initialized
[    1.581261] Initialise system trusted keyring
[    1.583556] HugeTLB registered 2 MB page size, pre-allocated 0 pages
[    1.590499] zbud: loaded
[    1.594173] VFS: Disk quotas dquot_6.6.0
[    1.596306] VFS: Dquot-cache hash table entries: 512 (order 0, 4096 bytes)
[    1.599323] squashfs: version 4.0 (2009/01/31) Phillip Lougher
[    1.602280] fuse init (API version 7.23)
[    1.603937] Key type big_key registered
[    1.605655] Allocating IMA MOK and blacklist keyrings.
[    1.611218] Key type asymmetric registered
[    1.613137] Asymmetric key parser 'x509' registered
[    1.616972] Block layer SCSI generic (bsg) driver version 0.4 loaded (major 249)
[    1.621916] io scheduler noop registered
[    1.623686] io scheduler deadline registered (default)
[    1.627005] io scheduler cfq registered
[    1.630988] pci_hotplug: PCI Hot Plug PCI Core version: 0.5
[    1.635307] pciehp: PCI Express Hot Plug Controller Driver version: 0.4
[    1.647265] ACPI: AC Adapter [AC] (off-line)
[    1.650893] input: Power Button as /devices/LNXSYSTM:00/LNXPWRBN:00/input/input0
[    1.655471] ACPI: Power Button [PWRF]
[    1.658147] input: Sleep Button as /devices/LNXSYSTM:00/LNXSLPBN:00/input/input1
[    1.664663] ACPI: Sleep Button [SLPF]
[    1.667963] GHES: HEST is not enabled!
[    1.670720] Serial: 8250/16550 driver, 32 ports, IRQ sharing enabled
[    1.673000] ACPI: Battery Slot [BAT0] (battery present)
[    1.702653] 00:02: ttyS0 at I/O 0x3f8 (irq = 4, base_baud = 115200) is a 16550A
[    1.716187] Linux agpgart interface v0.103
[    1.728960] loop: module loaded
[    1.732575] scsi host0: ata_piix
[    1.735223] scsi host1: ata_piix
[    1.740400] ata1: PATA max UDMA/33 cmd 0x1f0 ctl 0x3f6 bmdma 0xd000 irq 14
[    1.744428] ata2: PATA max UDMA/33 cmd 0x170 ctl 0x376 bmdma 0xd008 irq 15
[    1.750655] libphy: Fixed MDIO Bus: probed
[    1.753792] tun: Universal TUN/TAP device driver, 1.6
[    1.757363] tun: (C) 1999-2004 Max Krasnyansky <maxk@qualcomm.com>
[    1.766154] PPP generic driver version 2.4.2
[    1.770844] ehci_hcd: USB 2.0 'Enhanced' Host Controller (EHCI) Driver
[    1.781591] ehci-pci: EHCI PCI platform driver
[    1.788669] ehci-platform: EHCI generic platform driver
[    1.797956] ohci_hcd: USB 1.1 'Open' Host Controller (OHCI) Driver
[    1.802532] ohci-pci: OHCI PCI platform driver
[    1.804657] ohci-platform: OHCI generic platform driver
[    1.807036] uhci_hcd: USB Universal Host Controller Interface driver
[    1.809778] i8042: PNP: PS/2 Controller [PNP0303:PS2K,PNP0f03:PS2M] at 0x60,0x64 irq 1,12
[    1.824920] serio: i8042 KBD port at 0x60,0x64 irq 1
[    1.828777] serio: i8042 AUX port at 0x60,0x64 irq 12
[    1.833328] mousedev: PS/2 mouse device common for all mice
[    1.842890] rtc_cmos rtc_cmos: rtc core: registered rtc_cmos as rtc0
[    1.848712] rtc_cmos rtc_cmos: alarms up to one day, 114 bytes nvram
[    1.852552] i2c /dev entries driver
[    1.854125] input: AT Translated Set 2 keyboard as /devices/platform/i8042/serio0/input/input2
[    1.860204] device-mapper: uevent: version 1.0.3
[    1.876873] device-mapper: ioctl: 4.34.0-ioctl (2015-10-28) initialised: dm-devel@redhat.com
[    1.886407] ledtrig-cpu: registered to indicate activity on CPUs
[    1.895024] NET: Registered protocol family 10
[    1.899577] NET: Registered protocol family 17
[    1.906632] Key type dns_resolver registered
[    1.908418] registered taskstats version 1
[    1.909973] Loading compiled-in X.509 certificates
[    1.911839] Loaded X.509 cert 'Build time autogenerated kernel key: f0e56e97f406068ace47a9bf54316e9855aaaa43'
[    1.915522] zswap: loaded using pool lzo/zbud
[    1.920269] Key type trusted registered
[    1.928175] Key type encrypted registered
[    1.930573] AppArmor: AppArmor sha1 policy hashing enabled
[    1.937667] ima: No TPM chip found, activating TPM-bypass!
[    1.949669] ima: Allocated hash algorithm: sha1
[    1.954734] evm: HMAC attrs: 0x1
[    1.957492]   Magic number: 15:176:544
[    1.963725] tty ttyS20: hash matches
[    1.972837] rtc_cmos rtc_cmos: setting system clock to 2019-12-10 18:31:02 UTC (1576002662)
[    1.986016] BIOS EDD facility v0.16 2004-Jun-25, 0 devices found
[    2.000315] EDD information not available.
[    2.004208] Freeing unused kernel memory: 1488K
[    2.022400] Write protecting the kernel read-only data: 14336k
[    2.041390] Freeing unused kernel memory: 1604K
[    2.047609] Freeing unused kernel memory: 60K
Loading, please wait...
starting version 229
[    2.084726] random: systemd-udevd: uninitialized urandom read (16 bytes read, 5 bits of entropy available)
[    2.085399] random: udevadm: uninitialized urandom read (16 bytes read, 5 bits of entropy available)
[    2.085432] random: udevadm: uninitialized urandom read (16 bytes read, 5 bits of entropy available)
[    2.098730] random: udevadm: uninitialized urandom read (16 bytes read, 5 bits of entropy available)
[    2.098776] random: udevadm: uninitialized urandom read (16 bytes read, 5 bits of entropy available)
[    2.098905] random: udevadm: uninitialized urandom read (16 bytes read, 5 bits of entropy available)
[    2.098950] random: udevadm: uninitialized urandom read (16 bytes read, 5 bits of entropy available)
[    2.098996] random: udevadm: uninitialized urandom read (16 bytes read, 5 bits of entropy available)
[    2.099040] random: udevadm: uninitialized urandom read (16 bytes read, 5 bits of entropy available)
[    2.099082] random: udevadm: uninitialized urandom read (16 bytes read, 5 bits of entropy available)
[    2.211507] e1000: Intel(R) PRO/1000 Network Driver - version 7.3.21-k8-NAPI
[    2.214474] e1000: Copyright (c) 1999-2006 Intel Corporation.
[    2.221796] Fusion MPT base driver 3.04.20
[    2.228498] Copyright (c) 1999-2008 LSI Corporation
[    2.237571] Fusion MPT SPI Host driver 3.04.20
[    2.258939] AVX2 version of gcm_enc/dec engaged.
[    2.269067] AES CTR mode by8 optimization enabled
[    2.519774] input: ImExPS/2 Generic Explorer Mouse as /devices/platform/i8042/serio1/input/input4
[    2.748847] e1000 0000:00:03.0 eth0: (PCI:33MHz:32-bit) 02:1a:6e:a3:7e:96
[    2.750521] e1000 0000:00:03.0 eth0: Intel(R) PRO/1000 Network Connection
[    2.753737] e1000 0000:00:03.0 enp0s3: renamed from eth0
[    2.755506] mptbase: ioc0: Initiating bringup
[    2.819285] ioc0: LSI53C1030 A0: Capabilities={Initiator}
[    2.986741] scsi host2: ioc0: LSI53C1030 A0, FwRev=00000000h, Ports=1, MaxQ=256, IRQ=20
[    3.107691] scsi 2:0:0:0: Direct-Access     VBOX     HARDDISK         1.0  PQ: 0 ANSI: 5
[    3.111789] scsi target2:0:0: Beginning Domain Validation
[    3.118742] scsi target2:0:0: Domain Validation skipping write tests
[    3.121317] scsi target2:0:0: Ending Domain Validation
[    3.139362] scsi target2:0:0: asynchronous
[    3.144889] scsi 2:0:1:0: Direct-Access     VBOX     HARDDISK         1.0  PQ: 0 ANSI: 5
[    3.148859] scsi target2:0:1: Beginning Domain Validation
[    3.157350] scsi target2:0:1: Domain Validation skipping write tests
[    3.159819] scsi target2:0:1: Ending Domain Validation
[    3.161817] scsi target2:0:1: asynchronous
[    3.175838] sd 2:0:0:0: Attached scsi generic sg0 type 0
[    3.176401] sd 2:0:0:0: [sda] 20971520 512-byte logical blocks: (10.7 GB/10.0 GiB)
[    3.176815] sd 2:0:0:0: [sda] Write Protect is off
[    3.177015] sd 2:0:0:0: [sda] Incomplete mode parameter data
[    3.177017] sd 2:0:0:0: [sda] Assuming drive cache: write through
[    3.183832]  sda: sda1
[    3.185139] sd 2:0:0:0: [sda] Attached SCSI disk
[    3.194809] sd 2:0:1:0: [sdb] 20480 512-byte logical blocks: (10.5 MB/10.0 MiB)
[    3.197990] sd 2:0:1:0: Attached scsi generic sg1 type 0
[    3.200323] sd 2:0:1:0: [sdb] Write Protect is off
[    3.202088] sd 2:0:1:0: [sdb] Incomplete mode parameter data
[    3.203504] sd 2:0:1:0: [sdb] Assuming drive cache: write through
[    3.208964] sd 2:0:1:0: [sdb] Attached SCSI disk
Begin: Loading essential drivers ... [    4.673874] md: linear personality registered for level -1
[    4.680791] md: multipath personality registered for level -4
[    4.687949] md: raid0 personality registered for level 0
[    4.696743] md: raid1 personality registered for level 1
[    4.770408] raid6: sse2x1   gen()  5121 MB/s
[    4.838495] raid6: sse2x1   xor()  5244 MB/s
[    4.906126] raid6: sse2x2   gen()  9009 MB/s
[    4.974677] raid6: sse2x2   xor()  4919 MB/s
[    5.042476] raid6: sse2x4   gen()  9697 MB/s
[    5.110523] raid6: sse2x4   xor()  4832 MB/s
[    5.198404] raid6: avx2x1   gen()  6837 MB/s
[    5.266950] raid6: avx2x2   gen()  6956 MB/s
[    5.338687] raid6: avx2x4   gen() 11134 MB/s
[    5.340736] raid6: using algorithm avx2x4 gen() 11134 MB/s
[    5.344502] raid6: using avx2x2 recovery algorithm
[    5.351076] xor: automatically using best checksumming function:
[    5.391296]    avx       : 23893.000 MB/sec
[    5.396187] async_tx: api initialized (async)
[    5.435504] md: raid6 personality registered for level 6
[    5.438314] md: raid5 personality registered for level 5
[    5.442009] md: raid4 personality registered for level 4
[    5.459164] md: raid10 personality registered for level 10
done.
Begin: Running /scripts/init-premount ... done.
Begin: Mounting root file system ... Begin: Running /scripts/local-top ... done.
Begin: Running /scripts/local-premount ... [    5.523508] Btrfs loaded
Scanning for Btrfs filesystems
done.
Warning: fsck not present, so skipping root file system
[    5.597056] EXT4-fs (sda1): INFO: recovery required on readonly filesystem
[    5.600653] EXT4-fs (sda1): write access will be enabled during recovery
[    5.731493] EXT4-fs (sda1): recovery complete
[    5.733945] EXT4-fs (sda1): mounted filesystem with ordered data mode. Opts: (null)
done.
Begin: Running /scripts/local-bottom ... done.
Begin: Running /scripts/init-bottom ... done.
[    5.924371] systemd[1]: systemd 229 running in system mode. (+PAM +AUDIT +SELINUX +IMA +APPARMOR +SMACK +SYSVINIT +UTMP +LIBCRYPTSETUP +GCRYPT +GNUTLS +ACL +XZ -LZ4 +SECCOMP +BLKID +ELFUTILS +KMOD -IDN)
[    5.929659] systemd[1]: Detected virtualization oracle.
[    5.932457] systemd[1]: Detected architecture x86-64.

Welcome to [1mUbuntu 16.04.6 LTS[0m!

[    5.940449] systemd[1]: Set hostname to <ubuntu-xenial>.
[    6.190173] systemd[1]: Created slice User and Session Slice.
[[0;32m  OK  [0m] Created slice User and Session Slice.
[    6.194686] systemd[1]: Reached target Encrypted Volumes.
[[0;32m  OK  [0m] Reached target Encrypted Volumes.
[    6.198929] systemd[1]: Started Forward Password Requests to Wall Directory Watch.
[[0;32m  OK  [0m] Started Forward Password Requests to Wall Directory Watch.
[    6.205389] systemd[1]: Reached target System Time Synchronized.
[[0;32m  OK  [0m] Reached target System Time Synchronized.
[    6.211685] systemd[1]: Set up automount Arbitrary Executable File Formats File System Automount Point.
[[0;32m  OK  [0m] Set up automount Arbitrary Executab...ats File System Automount Point.
[    6.218808] systemd[1]: Listening on udev Kernel Socket.
[[0;32m  OK  [0m] Listening on udev Kernel Socket.
[    6.222053] systemd[1]: Created slice System Slice.
[[0;32m  OK  [0m] Created slice System Slice.
[    6.225763] systemd[1]: Created slice system-serial\x2dgetty.slice.
[[0;32m  OK  [0m] Created slice system-serial\x2dgetty.slice.
[    6.229427] systemd[1]: Listening on LVM2 poll daemon socket.
[[0;32m  OK  [0m] Listening on LVM2 poll daemon socket.
[    6.234258] systemd[1]: Reached target Slices.
[[0;32m  OK  [0m] Reached target Slices.
[    6.238542] systemd[1]: Listening on udev Control Socket.
[[0;32m  OK  [0m] Listening on udev Control Socket.
[    6.243724] systemd[1]: Listening on Syslog Socket.
[[0;32m  OK  [0m] Listening on Syslog Socket.
[    6.254888] systemd[1]: Listening on Device-mapper event daemon FIFOs.
[[0;32m  OK  [0m] Listening on Device-mapper event daemon FIFOs.
[    6.266661] systemd[1]: Started Trigger resolvconf update for networkd DNS.
[[0;32m  OK  [0m] Started Trigger resolvconf update for networkd DNS.
[    6.278867] systemd[1]: Listening on Journal Socket.
[[0;32m  OK  [0m] Listening on Journal Socket.
[    6.294462] systemd[1]: Starting Set console keymap...
         Starting Set console keymap...
[    6.300126] systemd[1]: Mounting Debug File System...
         Mounting Debug File System...
[    6.307377] systemd[1]: Starting Load Kernel Modules...
         Starting Load Kernel Modules...
[    6.314642] systemd[1]: Starting Create list of required static device nodes for the current kernel...
         Starting Create list of required st... nodes for the current kernel...
[    6.327148] systemd[1]: Starting Nameserver information manager...
         Starting Nameserver information manager...
[    6.340712] Loading iSCSI transport class v2.0-870.
[    6.343289] systemd[1]: Mounting POSIX Message Queue File System...
         Mounting POSIX Message Queue File System...
[    6.359512] systemd[1]: Starting Remount Root and Kernel File Systems...
         Starting Remount Root and Kernel File Systems...
[    6.370654] systemd[1]: Reached target User and Group Name Lookups.
[    6.374071] iscsi: registered transport (tcp)
[[0;32m  OK  [0m] Reached target User and Group Name Lookups.
[    6.381287] systemd[1]: Mounting Huge Pages File System...
         Mountin[    6.388368] EXT4-fs (sda1): re-mounted. Opts: (null)
g Huge Pages File System...
[    6.399222] systemd[1]: Starting Uncomplicated firewall...
         Starting Uncomplicated firewall...
[    6.403468] systemd[1]: Listening on /dev/initctl Compatibility Named Pipe.
[[0;32m  OK  [0m] Listening on /dev/initctl Compatibility Named Pipe.
[    6.411308] random: nonblocking pool is initialized
[    6.417888] systemd[1]: Reached target Swap.
[[0;32m  OK  [0m] Reached target Swap.
[    6.427502] systemd[1]: Listening on Journal Socket (/dev/log).
[[0;32m  OK  [0m] Listening on Journal Socket (/dev/log).
[    6.433430] systemd[1]: Listening on Journal Audit Socket.
[[0;32m  OK  [0m] Listening on Journal Audit Socket.
[    6.446487] systemd[1]: Starting Journal Service...
         Starting Journal Service...
[    6.451029] systemd[1]: Listening on LVM2 metadata daemon socket.
[[0;32m  OK  [0m] Listening on LVM2 metadata daemon socket.
[    6.458954] systemd[1]: Starting Monitoring of LVM2 mirrors, snapshots etc. using dmeventd or progress polling...
         Starting Monitoring of LVM2 mirrors... dmeventd or progress polling...
[    6.471919] systemd[1]: Mounted POSIX Message Queue File System.
[[0;32m  OK  [0m] Mounted POSIX Message Queue File System.
[    6.478566] systemd[1]: Mounted Debug File System.
[[0;32m  OK  [0m] Mounted Debug File System.
[    6.482781] systemd[1]: Mounted Huge Pages File System.
[    6.485542] iscsi: registered transport (iser)
[[0;32m  OK  [0m] Mounted Huge Pages File System.
[    6.498109] systemd[1]: Started Set console keymap.
[[0;32m  OK  [0m] Started Set console keymap.
[    6.515685] systemd[1]: Started Load Kernel Modules.
[[0;32m  OK  [0m] Started Load Kernel Modules.
[    6.522702] systemd[1]: Started Create list of required static device nodes for the current kernel.
[[0;32m  OK  [0m] Started Create list of required sta...ce nodes for the current kernel.
[    6.545253] systemd[1]: Started Remount Root and Kernel File Systems.
[[0;32m  OK  [0m] Started Remount Root and Kernel File Systems.
[    6.552226] systemd[1]: Started Uncomplicated firewall.
[[0;32m  OK  [0m] Started Uncomplicated firewall.
[    6.562653] systemd[1]: Started Nameserver information manager.
[[0;32m  OK  [0m] Started Nameserver information manager.
[    6.575430] systemd[1]: Started Journal Service.
[[0;32m  OK  [0m] Started Journal Service.
[[0;32m  OK  [0m] Started LVM2 metadata daemon.
         Starting Flush Journal to Persistent Storage...
         Starting udev Coldplug all Devices...
         Starting Load/Save Random Seed...
         Starting Create Static Device Nodes in /dev...
         Mounting FUSE Control File System...
         Starting Apply Kernel Variables...
[[0;32m  OK  [0m] Started Load/Save Random Seed.
[[0;32m  OK  [0m] Mounted FUSE Control File System.
[[0;32m  OK  [0m] Started Create Static Device Nodes in /dev.
[[0;32m  OK  [0m] Started Apply Kernel Variables.
[[0;32m  OK  [0m] Started Flush Journal to Persistent Storage.
[[0;32m  OK  [0m] Started udev Coldplug all Devices.
         Starting udev Kernel Device Manager...
[[0;32m  OK  [0m] Started udev Kernel Device Manager.
[[0;32m  OK  [0m] Started Dispatch Password Requests to Console Directory Watch.
[[0;32m  OK  [0m] Found device /dev/ttyS0.
[[0;32m  OK  [0m] Started Monitoring of LVM2 mirrors,...ng dmeventd or progress polling.
[[0;32m  OK  [0m] Reached target Local File Systems (Pre).
[[0;32m  OK  [0m] Reached target Local File Systems.
         Starting Create Volatile Files and Directories...
         Starting Tell Plymouth To Write Out Runtime Data...
         Starting Initial cloud-init job (pre-networking)...
         Starting Set console font and keymap...
         Starting LSB: AppArmor initialization...
[[0;32m  OK  [0m] Started Tell Plymouth To Write Out Runtime Data.
[[0;32m  OK  [0m] Started Create Volatile Files and Directories.
         Starting Update UTMP about System Boot/Shutdown...
[[0;32m  OK  [0m] Started Update UTMP about System Boot/Shutdown.
[[0;32m  OK  [0m] Listening on Load/Save RF Kill Switch Status /dev/rfkill Watch.
[[0;32m  OK  [0m] Found device 82540EM Gigabit Ethern...r (PRO/1000 MT Desktop Adapter).
[[0;32m  OK  [0m] Started LSB: AppArmor initialization.
[[0;32m  OK  [0m] Started Set console font and keymap.
[[0;32m  OK  [0m] Created slice system-getty.slice.
[    8.537355] cloud-init[525]: Cloud-init v. 19.2-36-g059d049c-0ubuntu2~16.04.1 running 'init-local' at Tue, 10 Dec 2019 18:31:09 +0000. Up 7.94 seconds.
[[0;32m  OK  [0m] Started Initial cloud-init job (pre-networking).
[[0;32m  OK  [0m] Reached target Network (Pre).
[[0;32m  OK  [0m] Started ifup for enp0s3.
         Starting Raise network interfaces...
[[0;32m  OK  [0m] Started Raise network interfaces.
[[0;32m  OK  [0m] Reached target Network.
         Starting Initial cloud-init job (metadata service crawler)...
[   11.240324] cloud-init[972]: Cloud-init v. 19.2-36-g059d049c-0ubuntu2~16.04.1 running 'init' at Tue, 10 Dec 2019 18:31:11 +0000. Up 10.45 seconds.
[   11.256716] cloud-init[972]: ci-info: ++++++++++++++++++++++++++++++++++++++Net device info++++++++++++++++++++++++++++++++++++++
[   11.269508] cloud-init[972]: ci-info: +--------+------+----------------------------+---------------+--------+-------------------+
[   11.275874] cloud-init[972]: ci-info: | Device |  Up  |          Address           |      Mask     | Scope  |     Hw-Address    |
[   11.292663] cloud-init[972]: ci-info: +--------+------+----------------------------+---------------+--------+-------------------+
[   11.359672] cloud-init[972]: ci-info: | enp0s3 | True |         10.0.2.15          | 255.255.255.0 | global | 02:1a:6e:a3:7e:96 |
[   11.409294] cloud-init[972]: ci-info: | enp0s3 | True | fe80::1a:6eff:fea3:7e96/64 |       .       |  link  | 02:1a:6e:a3:7e:96 |
[   11.412896] cloud-init[972]: ci-info: |   lo   | True |         127.0.0.1          |   255.0.0.0   |  host  |         .         |
[   11.416088] cloud-init[972]: ci-info: |   lo   | True |          ::1/128           |       .       |  host  |         .         |
[   11.440664] cloud-init[972]: ci-info: +--------+------+----------------------------+---------------+--------+-------------------+
[   11.447738] cloud-init[972]: ci-info: +++++++++++++++++++++++++++Route IPv4 info++++++++++++++++++++++++++++
[   11.461531] cloud-init[972]: ci-info: +-------+-------------+----------+---------------+-----------+-------+
[   11.489679] cloud-init[972]: ci-info: | Route | Destination | Gateway  |    Genmask    | Interface | Flags |
[   11.502828] cloud-init[972]: ci-info: +-------+-------------+----------+---------------+-----------+-------+
[   11.513612] cloud-init[972]: ci-info: |   0   |   0.0.0.0   | 10.0.2.2 |    0.0.0.0    |   enp0s3  |   UG  |
[   11.519681] cloud-init[972]: ci-info: |   1   |   10.0.2.0  | 0.0.0.0  | 255.255.255.0 |   enp0s3  |   U   |
[   11.528746] cloud-init[972]: ci-info: +-------+-------------+----------+---------------+-----------+-------+
[[0;32m  OK  [0m] Started Initial cloud-init job (metadata service crawler).
[   11.529053] cloud-init[972]: ci-info: +++++++++++++++++++Route IPv6 info+++++++++++++++++++
[   11.545234] cloud-init[972]: ci-info: +-------+-------------+---------+-----------+-------+
[[0;32m  OK  [0m] Reached target Cloud-config availability.
[   11.545664] cloud-init[972]: ci-info: | Route | Destination | Gateway | Interface | Flags |
[[0;32m  OK  [0m] Reached target System Initialization.
[   11.558301] cloud-init[972]: ci-info: +-------+-------------+---------+-----------+-------+
[   11.571506] cloud-init[972]: ci-info: |   0   |  fe80::/64  |    ::   |   enp0s3  |   U   |
         Starting Socket activation for snappy daemon.
[[   11.572201] [0;32m  OK  [0mcloud-init] [972]: Listening on ACPID Listen Socket.ci-info: |   4   |   ff00::/8  |    ::   |   enp0s3  |   U   |

[   11.586763] cloud-init[972]: ci-info: +-------+-------------+---------+-----------+-------+
[[0;32m  OK  [0m] Listening on UUID daemon activation socket.
[[0;32m  OK  [0m] Started Daily Cleanup of Temporary Directories.
[[0;32m  OK  [0m] Started ACPI Events Check.
[[0;32m  OK  [0m] Reached target Paths.
         Starting LXD - unix socket.
[[0;32m  OK  [0m] Started Message of the Day.
[[0;32m  OK  [0m] Listening on D-Bus System Message Bus Socket.
[[0;32m  OK  [0m] Started Daily apt download activities.
[[0;32m  OK  [0m] Started Daily apt upgrade and clean activities.
[[0;32m  OK  [0m] Reached target Timers.
[[0;32m  OK  [0m] Reached target Network is Online.
         Starting iSCSI initiator daemon (iscsid)...
[[0;32m  OK  [0m] Listening on Socket activation for snappy daemon.
[[0;32m  OK  [0m] Listening on LXD - unix socket.
[[0;32m  OK  [0m] Started iSCSI initiator daemon (iscsid).
         Starting Login to default iSCSI targets...
[[0;32m  OK  [0m] Reached target Sockets.
[[0;32m  OK  [0m] Reached target Basic System.
[[0;32m  OK  [0m] Started ACPI event daemon.
         Starting LXD - container startup/shutdown...
[[0;32m  OK  [0m] Started Regular background program processing daemon.
[[0;32m  OK  [0m] Started FUSE filesystem for LXC.
         Starting LSB: MD monitoring daemon...
         Starting Accounts Service...
         Starting LSB: Record successful boot for GRUB...
[[0;32m  OK  [0m] Started Deferred execution scheduler.
         Starting System Logging Service...
         Starting OpenBSD Secure Shell server...
         Starting /etc/rc.local Compatibility...
         Starting Login Service...
         Starting Virtualbox guest utils...
         Starting Snappy daemon...
[[0;32m  OK  [0m] Started D-Bus System Message Bus.
         Starting Message of the Day...
[[0;32m  OK  [0m] Started System Logging Service.
[[0;32m  OK  [0m] Started /etc/rc.local Compatibility.
[[0;32m  OK  [0m] Started LXD - container startup/shutdown.
[[0;32m  OK  [0m] Started OpenBSD Secure Shell server.
[[0;32m  OK  [0m] Started Login to default iSCSI targets.
[[0;32m  OK  [0m] Started LSB: MD monitoring daemon.
[[0;32m  OK  [0m] Started LSB: Record successful boot for GRUB.
[[0;32m  OK  [0m] Started Login Service.
[[0;32m  OK  [0m] Started Unattended Upgrades Shutdown.
         Starting Authenticate and Authorize Users to Run Privileged Tasks...
[[0;32m  OK  [0m] Reached target Remote File Systems (Pre).
[[0;32m  OK  [0m] Reached target Remote File Systems.
         Starting Permit User Sessions...
         Starting LSB: daemon to balance interrupts for SMP systems...
         Starting LSB: Set the CPU Frequency Scaling governor to "ondemand"...
         Starting LSB: automatic crash report generation...
[[0;32m  OK  [0m] Started Permit User Sessions.
[[0;32m  OK  [0m] Started Virtualbox guest utils.
         Starting Terminate Plymouth Boot Screen...
         Starting Hold until boot process finishes up...
[[0;32m  OK  [0m] Started Terminate Plymouth Boot Screen.
[[0;32m  OK  [0m] Started LSB: Set the CPU Frequency Scaling governor to "ondemand".
[[0;32m  OK  [0m] Started LSB: automatic crash report generation.
[[0;32m  OK  [0m] Started Hold until boot process finishes up.
[[0;32m  OK  [0m] Started Authenticate and Authorize Users to Run Privileged Tasks.
[[0;32m  OK  [0m] Created slice User Slice of vagrant.
[[0;32m  OK  [0m] Started Session 1 of user vagrant.
         Starting User Manager for UID 1000...
[[0;32m  OK  [0m] Started Getty on tty1.
[[0;32m  OK  [0m] Started Serial Getty on ttyS0.
[[0;32m  OK  [0m] Reached target Login Prompts.
         Starting Set console scheme...
[[0;32m  OK  [0m] Started Snappy daemon.
[[0;32m  OK  [0m] Started LSB: daemon to balance interrupts for SMP systems.
[[0;32m  OK  [0m] Started Set console scheme.
[[0;32m  OK  [0m] Started User Manager for UID 1000.
[[0;32m  OK  [0m] Started Accounts Service.
         Starting Wait until snapd is fully seeded...
[[0;32m  OK  [0m] Started Wait until snapd is fully seeded.
         Starting Apply the settings specified in cloud-config...
[[0;32m  OK  [0m] Reached target Multi-User System.
[[0;32m  OK  [0m] Reached target Graphical Interface.
         Starting Update UTMP about System Runlevel Changes...
[[0;32m  OK  [0m] Started Update UTMP about System Runlevel Changes.
[   14.901358] cloud-init[1272]: Cloud-init v. 19.2-36-g059d049c-0ubuntu2~16.04.1 running 'modules:config' at Tue, 10 Dec 2019 18:31:15 +0000. Up 14.56 seconds.
[[0;32m  OK  [0m] Started Apply the settings specified in cloud-config.
         Starting Execute cloud user/final scripts...
[   16.190844] cloud-init[1347]: Cloud-init v. 19.2-36-g059d049c-0ubuntu2~16.04.1 running 'modules:final' at Tue, 10 Dec 2019 18:31:16 +0000. Up 15.87 seconds.
[   16.200236] cloud-init[1347]: Cloud-init v. 19.2-36-g059d049c-0ubuntu2~16.04.1 finished at Tue, 10 Dec 2019 18:31:17 +0000. Datasource DataSourceNoCloud [seed=/dev/sdb][dsmode=net].  Up 16.16 seconds
[[0;32m  OK  [0m] Started Execute cloud user/final scripts.
[[0;32m  OK  [0m] Reached target Cloud-init target.

Ubuntu 16.04.6 LTS ubuntu-xenial ttyS0

ubuntu-xenial login: 